<?xml version="1.0" encoding="UTF-8"?>
<testsuite name="WallServiceTest" tests="3" skipped="0" failures="0" errors="0" timestamp="2020-10-29T09:25:56" hostname="ПОЛЬЗОВАТЕЛЬ-ПК" time="0.883">
  <properties/>
  <testcase name="updateFalse" classname="WallServiceTest" time="0.079"/>
  <testcase name="updateTrue" classname="WallServiceTest" time="0.803"/>
  <testcase name="add" classname="WallServiceTest" time="0.0"/>
  <system-out><![CDATA[]]></system-out>
  <system-err><![CDATA[]]></system-err>
</testsuite>
